# Preference setting overrides
gui_create_pref_key -category {Globals} -key {load_detail_for_funcov} -value_type {bool} -value {false}
gui_set_pref_value -category {Source} -key {value_annotate} -value {true}
gui_create_pref_category -category {schem_obj_name}
gui_create_pref_key -category {schem_obj_name} -key {show_cell_and_pin_with_symbol_name} -value_type {bool} -value {false}
gui_create_pref_key -category {schem_pin_hc} -key {textExtFont} -value_type {string} -value {Helvetica,10,-1,5,50,0,0,0,0,0}

# State setting overrides
gui_state_default_create -off -ini
gui_set_state_value -category Globals -key recent_sessions -value {{gui_load_session -ignore_errors -file /afs/umich.edu/user/x/i/xiuneng/Desktop/470p4/group8f19/AAAAA_session.inter.vpd.tcl -ignore_errors} {gui_load_session -ignore_errors -file /afs/umich.edu/user/x/i/xiuneng/Desktop/470p4/group8f19/AAUL_session.inter.vpd.tcl -ignore_errors} {gui_load_session -ignore_errors -file /afs/umich.edu/user/x/i/xiuneng/Desktop/470p4/group8f19/AAUL_session.inter.vpd.tcl} {gui_load_session -ignore_errors -file /afs/umich.edu/user/x/i/xiuneng/Desktop/470p4/group8f19/AUL_session.inter.vpd.tcl -ignore_errors} {gui_load_session -ignore_errors -file /afs/umich.edu/user/x/i/xiuneng/Desktop/470p4/group8f19/AUL_session.inter.vpd.tcl}}
gui_set_state_value -category Layout -key child_console_size_x -value 2559
gui_set_state_value -category Layout -key child_console_size_y -value 128
gui_set_state_value -category Layout -key child_data_coltype -value 198
gui_set_state_value -category Layout -key child_data_colvalue -value 247
gui_set_state_value -category Layout -key child_data_colvariable -value 288
gui_set_state_value -category Layout -key child_data_size_x -value 503
gui_set_state_value -category Layout -key child_data_size_y -value 1074
gui_set_state_value -category Layout -key child_driver_size_x -value 2287
gui_set_state_value -category Layout -key child_driver_size_y -value 179
gui_set_state_value -category Layout -key child_hier_col3 -value {-1}
gui_set_state_value -category Layout -key child_hier_colhier -value 360
gui_set_state_value -category Layout -key child_hier_colpd -value 0
gui_set_state_value -category Layout -key child_hier_coltype -value 194
gui_set_state_value -category Layout -key child_hier_size_x -value 503
gui_set_state_value -category Layout -key child_hier_size_y -value 1074
gui_set_state_value -category Layout -key child_hier_sort_order -value 1
gui_set_state_value -category Layout -key child_list_down -value 179
gui_set_state_value -category Layout -key child_list_right -value 444
gui_set_state_value -category Layout -key child_schematic_docknewline -value false
gui_set_state_value -category Layout -key child_schematic_pos_x -value {-2}
gui_set_state_value -category Layout -key child_schematic_pos_y -value {-15}
gui_set_state_value -category Layout -key child_schematic_size_x -value 1211
gui_set_state_value -category Layout -key child_schematic_size_y -value 841
gui_set_state_value -category Layout -key child_source_docknewline -value false
gui_set_state_value -category Layout -key child_source_pos_x -value {-2}
gui_set_state_value -category Layout -key child_source_pos_y -value {-15}
gui_set_state_value -category Layout -key child_source_size_x -value 1556
gui_set_state_value -category Layout -key child_source_size_y -value 1069
gui_set_state_value -category Layout -key child_wave_colname -value 369
gui_set_state_value -category Layout -key child_wave_colvalue -value 369
gui_set_state_value -category Layout -key child_wave_left -value 743
gui_set_state_value -category Layout -key child_wave_right -value 1811
gui_set_state_value -category Layout -key main_pos_x -value 1
gui_set_state_value -category Layout -key main_pos_y -value 38
gui_set_state_value -category Layout -key main_size_x -value 2560
gui_set_state_value -category Layout -key main_size_y -value 1315
gui_set_state_value -category Layout -key stand_list_child_docknewline -value false
gui_set_state_value -category Layout -key stand_list_child_pos_x -value {-2}
gui_set_state_value -category Layout -key stand_list_child_pos_y -value {-15}
gui_set_state_value -category Layout -key stand_list_child_size_x -value 604
gui_set_state_value -category Layout -key stand_list_child_size_y -value 324
gui_set_state_value -category Layout -key stand_list_top_pos_y -value 65
gui_set_state_value -category Layout -key stand_list_top_size_x -value 1099
gui_set_state_value -category Layout -key stand_list_top_size_y -value 564
gui_set_state_value -category Layout -key stand_source_child_docknewline -value false
gui_set_state_value -category Layout -key stand_source_child_pos_x -value {-2}
gui_set_state_value -category Layout -key stand_source_child_pos_y -value {-15}
gui_set_state_value -category Layout -key stand_source_child_size_x -value 1726
gui_set_state_value -category Layout -key stand_source_child_size_y -value 1111
gui_set_state_value -category Layout -key stand_source_top_pos_x -value 197
gui_set_state_value -category Layout -key stand_source_top_pos_y -value 76
gui_set_state_value -category Layout -key stand_source_top_size_x -value 2485
gui_set_state_value -category Layout -key stand_source_top_size_y -value 1287
gui_set_state_value -category Layout -key stand_wave_child_docknewline -value false
gui_set_state_value -category Layout -key stand_wave_child_pos_x -value {-2}
gui_set_state_value -category Layout -key stand_wave_child_pos_y -value {-15}
gui_set_state_value -category Layout -key stand_wave_child_size_x -value 2564
gui_set_state_value -category Layout -key stand_wave_child_size_y -value 1197
gui_set_state_value -category Layout -key stand_wave_top_pos_x -value 41
gui_set_state_value -category Layout -key stand_wave_top_pos_y -value 66
gui_set_state_value -category Layout -key stand_wave_top_size_x -value 2600
gui_set_state_value -category Layout -key stand_wave_top_size_y -value 1343
gui_set_state_value -category SaveSession -key single_view_name -value Wave.1
gui_set_state_value -category SaveSession -key toplevel_window_name -value TopLevel.2
gui_create_state_key -category FindDialog -key m_pMatchCase -value_type bool -value false
gui_create_state_key -category FindDialog -key m_pMatchWord -value_type bool -value false
gui_create_state_key -category FindDialog -key m_pUseCombo -value_type string -value {}
gui_create_state_key -category FindDialog -key m_pWrapAround -value_type bool -value true
gui_create_state_key -category Widget_History -key {dlgSimSetup|m_setupTab|tab pages|SimTab|m_VPDCombo} -value_type string -value inter.vpd
gui_create_state_key -category Widget_History -key {dlgSimSetup|m_setupTab|tab pages|SimTab|m_argsCombo} -value_type string -value {{-V +vc +memcbk} { -V +vc +memcbk -ucligui} {+vc +define+ +memcbk} {-ucligui }}
gui_create_state_key -category Widget_History -key {dlgSimSetup|m_setupTab|tab pages|SimTab|m_curDirCombo} -value_type string -value {/afs/umich.edu/user/x/i/xiuneng/Desktop/470p4/group8f19 /afs/umich.edu/class/eecs427/f19/group1/CAD6/v /afs/umich.edu/user/x/i/xiuneng/Downloads/project1/project2_test/project2_new /afs/umich.edu/user/x/i/xiuneng/Downloads/project1}
gui_create_state_key -category Widget_History -key {dlgSimSetup|m_setupTab|tab pages|SimTab|m_exeCombo} -value_type string -value {dve /afs/umich.edu/user/x/i/xiuneng/Desktop/470p4/group8f19/dve /afs/umich.edu/user/x/i/xiuneng/Downloads/project1/dve_simv}
gui_state_default_create -off

# Begin command logging
gui_sim_run Ucli -exe dve -args {-ucligui  +vc +define+ +memcbk} -dir .
gui_list_expand -id  Hier.1   testbench
gui_list_expand -id  Hier.1   testbench.DUT
gui_list_select -id Hier.1 -current_item_name testbench.DUT -current_item_type Scope  -selected  { testbench.DUT   }
gui_list_select -id Data.1 -selected  { {testbench.DUT.next_coeff_x[15:0]}   }
gui_list_select -id Data.1 -selected  { {testbench.DUT.next_coeff_x[15:0]}  {testbench.DUT.next_coeff_x_square[15:0]}  {testbench.DUT.next_coeff_const[15:0]}   }
gui_open_window Wave
gui_list_add -id Wave.1 -from Data.1 { {testbench.DUT.next_coeff_x[15:0]} {testbench.DUT.next_coeff_x_square[15:0]} {testbench.DUT.next_coeff_const[15:0]} } -insertionbar
gui_wv_zoom_timerange -id  Wave.1 0 597
gui_sim_continue  
gui_wv_scroll_hslidermove -id  Wave.1 0
gui_list_select -id Data.1 -selected  { testbench.DUT.packet_in   }
gui_list_add -id Wave.1 -from Data.1 { testbench.DUT.packet_in } -insertionbar
gui_sim_restart
gui_set_pref_value -category {Source} -key {value_annotate} -value {false}
gui_set_pref_value -category {Source} -key {value_annotate} -value {true}
gui_sim_continue  
gui_wv_scroll_hslidermove -id  Wave.1 4776
gui_marker_move -id  Wave.1 C1 1729
gui_wv_scroll_hslidermove -id  Wave.1 4078
gui_list_select -id Data.1 -selected  { testbench.DUT.packet_out   }
gui_list_add -id Wave.1 -from Data.1 { testbench.DUT.packet_out } -insertionbar
gui_sim_restart
gui_set_pref_value -category {Source} -key {value_annotate} -value {false}
gui_set_pref_value -category {Source} -key {value_annotate} -value {true}
gui_sim_continue  
gui_wv_scroll_hslidermove -id  Wave.1 3791
gui_marker_move -id  Wave.1 C1 1517
gui_wv_scroll_hslidermove -id  Wave.1 3724
gui_zoom -window Wave.1 -factor 0.5
gui_zoom -window Wave.1 -factor 0.5
gui_zoom -window Wave.1 -factor 0.5
gui_zoom -window Wave.1 -factor 0.5
gui_zoom -window Wave.1 -factor 2
gui_wv_scroll_hslidermove -id  Wave.1 85
gui_list_select -id Data.1 -selected  { testbench.DUT.clock   }
gui_list_select -id Data.1 -selected  { testbench.DUT.reset   }
gui_list_select -id Data.1 -selected  { testbench.DUT.reset  testbench.DUT.clock   }
gui_list_add -id Wave.1 -from Data.1 { testbench.DUT.clock testbench.DUT.reset } -insertionbar
gui_marker_move -id  Wave.1 C1 987
gui_sim_restart
gui_set_pref_value -category {Source} -key {value_annotate} -value {false}
gui_set_pref_value -category {Source} -key {value_annotate} -value {true}
gui_sim_continue  
gui_zoom -window Wave.1 -factor 0.5
gui_marker_move -id  Wave.1 C1 1300
gui_marker_move -id  Wave.1 C1 1350
